<?xml version="1.0" encoding="UTF-8"?>
<!-- Generated by org.testng.reporters.JUnitXMLReporter -->
<testsuite hostname="MTP01090L" ignored="0" name="Login" tests="3" failures="0" timestamp="20 Aug 2019 18:01:41 GMT" time="33.364" errors="0">
  <testcase name="goToLoginPage" time="3.543" classname="seleniumPages.Page_Loginpage"/>
  <testcase name="Login" time="0.718" classname="seleniumPages.Page_Loginpage"/>
  <testcase name="AccountPageOpens" time="0.004" classname="seleniumPages.Page_Loginpage"/>
</testsuite> <!-- Login -->
