<?xml version="1.0" encoding="UTF-8"?>
<!-- Generated by org.testng.reporters.JUnitXMLReporter -->
<testsuite hostname="MTP01090L" ignored="0" name="Login" tests="4" failures="1" timestamp="15 Aug 2019 16:28:05 GMT" time="31.835" errors="0">
  <testcase name="@AfterTest AccountPageOpens" time="0.004" classname="seleniumPages.Page_Loginpage">
    <failure type="java.lang.NullPointerException">
      <![CDATA[java.lang.NullPointerException
at org.openqa.selenium.support.ui.ExpectedConditions.elementIfVisible(ExpectedConditions.java:314)
at org.openqa.selenium.support.ui.ExpectedConditions.access$000(ExpectedConditions.java:43)
at org.openqa.selenium.support.ui.ExpectedConditions$10.apply(ExpectedConditions.java:300)
at org.openqa.selenium.support.ui.ExpectedConditions$10.apply(ExpectedConditions.java:297)
at org.openqa.selenium.support.ui.FluentWait.until(FluentWait.java:249)
at seleniumPages.Page_Loginpage.AccountPageOpens(Page_Loginpage.java:71)
... Removed 24 stack frames]]>
    </failure>
  </testcase> <!-- @AfterTest AccountPageOpens -->
  <testcase name="LaunchBrowser" time="18.939" classname="seleniumPages.Page_Loginpage"/>
  <testcase name="Login" time="10.103" classname="seleniumPages.Page_Loginpage">
    <failure type="org.openqa.selenium.NoSuchElementException" message="no such element: Unable to locate element: {&amp;quot;method&amp;quot;:&amp;quot;css selector&amp;quot;,&amp;quot;selector&amp;quot;:&amp;quot;div:nth-child(6) div:nth-child(2) div.col-md-4.col-md-offset-4.col-sm-6.col-sm-offset-3 form:nth-child(1) &amp;gt; button.btn.btn-action.btn-lg.btn-block.loginbtn:nth-child(3)&amp;quot;}
  (Session info: chrome=76.0.3809.100)
For documentation on this error, please visit: https://www.seleniumhq.org/exceptions/no_such_element.html
Build info: version: &amp;apos;3.141.59&amp;apos;, revision: &amp;apos;e82be7d358&amp;apos;, time: &amp;apos;2018-11-14T08:25:53&amp;apos;
System info: host: &amp;apos;MTP01090L&amp;apos;, ip: &amp;apos;192.168.56.1&amp;apos;, os.name: &amp;apos;Windows 7&amp;apos;, os.arch: &amp;apos;amd64&amp;apos;, os.version: &amp;apos;6.1&amp;apos;, java.version: &amp;apos;1.8.0_211&amp;apos;
Driver info: org.openqa.selenium.chrome.ChromeDriver
Capabilities {acceptInsecureCerts: false, browserName: chrome, browserVersion: 76.0.3809.100, chrome: {chromedriverVersion: 76.0.3809.68 (420c9498db8ce..., userDataDir: C:\Users\JENNIF~1\AppData\L...}, goog:chromeOptions: {debuggerAddress: localhost:63393}, javascriptEnabled: true, networkConnectionEnabled: false, pageLoadStrategy: normal, platform: XP, platformName: XP, proxy: Proxy(), setWindowRect: true, strictFileInteractability: false, timeouts: {implicit: 0, pageLoad: 300000, script: 30000}, unhandledPromptBehavior: dismiss and notify}
Session ID: e31703237627bcdb142929255ad58a2d
*** Element info: {Using=css selector, value=div:nth-child(6) div:nth-child(2) div.col-md-4.col-md-offset-4.col-sm-6.col-sm-offset-3 form:nth-child(1) &amp;gt; button.btn.btn-action.btn-lg.btn-block.loginbtn:nth-child(3)}">
      <![CDATA[org.openqa.selenium.NoSuchElementException: no such element: Unable to locate element: {"method":"css selector","selector":"div:nth-child(6) div:nth-child(2) div.col-md-4.col-md-offset-4.col-sm-6.col-sm-offset-3 form:nth-child(1) > button.btn.btn-action.btn-lg.btn-block.loginbtn:nth-child(3)"}
  (Session info: chrome=76.0.3809.100)
For documentation on this error, please visit: https://www.seleniumhq.org/exceptions/no_such_element.html
Build info: version: '3.141.59', revision: 'e82be7d358', time: '2018-11-14T08:25:53'
System info: host: 'MTP01090L', ip: '192.168.56.1', os.name: 'Windows 7', os.arch: 'amd64', os.version: '6.1', java.version: '1.8.0_211'
Driver info: org.openqa.selenium.chrome.ChromeDriver
Capabilities {acceptInsecureCerts: false, browserName: chrome, browserVersion: 76.0.3809.100, chrome: {chromedriverVersion: 76.0.3809.68 (420c9498db8ce..., userDataDir: C:\Users\JENNIF~1\AppData\L...}, goog:chromeOptions: {debuggerAddress: localhost:63393}, javascriptEnabled: true, networkConnectionEnabled: false, pageLoadStrategy: normal, platform: XP, platformName: XP, proxy: Proxy(), setWindowRect: true, strictFileInteractability: false, timeouts: {implicit: 0, pageLoad: 300000, script: 30000}, unhandledPromptBehavior: dismiss and notify}
Session ID: e31703237627bcdb142929255ad58a2d
*** Element info: {Using=css selector, value=div:nth-child(6) div:nth-child(2) div.col-md-4.col-md-offset-4.col-sm-6.col-sm-offset-3 form:nth-child(1) > button.btn.btn-action.btn-lg.btn-block.loginbtn:nth-child(3)}
at org.openqa.selenium.remote.http.W3CHttpResponseCodec.createException(W3CHttpResponseCodec.java:187)
at org.openqa.selenium.remote.http.W3CHttpResponseCodec.decode(W3CHttpResponseCodec.java:122)
at org.openqa.selenium.remote.http.W3CHttpResponseCodec.decode(W3CHttpResponseCodec.java:49)
at org.openqa.selenium.remote.HttpCommandExecutor.execute(HttpCommandExecutor.java:158)
at org.openqa.selenium.remote.service.DriverCommandExecutor.execute(DriverCommandExecutor.java:83)
at org.openqa.selenium.remote.RemoteWebDriver.execute(RemoteWebDriver.java:552)
at org.openqa.selenium.remote.RemoteWebDriver.findElement(RemoteWebDriver.java:323)
at org.openqa.selenium.remote.RemoteWebDriver.findElementByCssSelector(RemoteWebDriver.java:420)
at org.openqa.selenium.By$ByCssSelector.findElement(By.java:431)
at org.openqa.selenium.remote.RemoteWebDriver.findElement(RemoteWebDriver.java:315)
at seleniumPages.Page_Loginpage.Login(Page_Loginpage.java:64)
... Removed 29 stack frames]]>
    </failure>
  </testcase> <!-- Login -->
  <testcase name="OpenPHPURL" time="0.445" classname="seleniumPages.Page_Loginpage"/>
  <testcase name="goToLoginPage" time="2.327" classname="seleniumPages.Page_Loginpage"/>
</testsuite> <!-- Login -->
