<?xml version="1.0" encoding="UTF-8"?>
<!-- Generated by org.testng.reporters.JUnitXMLReporter -->
<testsuite hostname="MTP01090L" ignored="0" name="Register" tests="10" failures="0" timestamp="19 Aug 2019 14:46:28 GMT" time="22.354" errors="0">
  <testcase name="OpenPHPURL" time="0.393" classname="seleniumPages.Page_Registerpage"/>
  <testcase name="goToSignUpPage" time="2.181" classname="seleniumPages.Page_Registerpage"/>
  <testcase name="enterFirstName" time="0.325" classname="seleniumPages.Page_Registerpage"/>
  <testcase name="enterLastName" time="0.179" classname="seleniumPages.Page_Registerpage"/>
  <testcase name="enterMobile" time="0.219" classname="seleniumPages.Page_Registerpage"/>
  <testcase name="enterEmail" time="0.315" classname="seleniumPages.Page_Registerpage"/>
  <testcase name="enterPassword" time="0.16" classname="seleniumPages.Page_Registerpage"/>
  <testcase name="confirmPassword" time="0.151" classname="seleniumPages.Page_Registerpage"/>
  <testcase name="SignUp" time="0.078" classname="seleniumPages.Page_Registerpage"/>
  <testcase name="AccountPageOpens" time="0.001" classname="seleniumPages.Page_Registerpage"/>
</testsuite> <!-- Register -->
