<?xml version="1.0" encoding="UTF-8"?>
<!-- Generated by org.testng.reporters.JUnitXMLReporter -->
<testsuite hostname="MTP01090L" ignored="0" name="Search" tests="4" failures="0" timestamp="20 Aug 2019 18:22:51 GMT" time="72.498" errors="0">
  <testcase name="gotoHotelSearch" time="0.285" classname="seleniumPages.Page_GuestSearch"/>
  <testcase name="enterHotelInformation" time="5.563" classname="seleniumPages.Page_GuestSearch"/>
  <testcase name="hotelSearch" time="33.248" classname="seleniumPages.Page_GuestSearch"/>
  <testcase name="hotelResults" time="0.003" classname="seleniumPages.Page_GuestSearch"/>
</testsuite> <!-- Search -->
