<?xml version="1.0" encoding="UTF-8"?>
<!-- Generated by org.testng.reporters.JUnitXMLReporter -->
<testsuite hostname="MTP01090L" ignored="0" name="Search" tests="9" failures="0" timestamp="19 Aug 2019 14:47:44 GMT" time="46.898" errors="0">
  <testcase name="openPHPURL" time="0.571" classname="seleniumPages.Page_GuestSearch"/>
  <testcase name="gotoHotelSearch" time="0.419" classname="seleniumPages.Page_GuestSearch"/>
  <testcase name="enterHotel" time="1.022" classname="seleniumPages.Page_GuestSearch"/>
  <testcase name="selectHotel" time="1.12" classname="seleniumPages.Page_GuestSearch"/>
  <testcase name="enterCheckIn" time="0.641" classname="seleniumPages.Page_GuestSearch"/>
  <testcase name="enterCheckOut" time="0.679" classname="seleniumPages.Page_GuestSearch"/>
  <testcase name="enterGuests" time="0.844" classname="seleniumPages.Page_GuestSearch"/>
  <testcase name="hotelSearch" time="16.724" classname="seleniumPages.Page_GuestSearch"/>
  <testcase name="hotelResults" time="0.001" classname="seleniumPages.Page_GuestSearch"/>
</testsuite> <!-- Search -->
